{
  "D:\\react-course\\t-gladkaya-REACT2026-Q2\\src\\App.tsx": {
    "path": "D:\\react-course\\t-gladkaya-REACT2026-Q2\\src\\App.tsx",
    "statementMap": {
      "0": {
        "start": { "line": 6, "column": 2 },
        "end": { "line": 9, "column": null }
      }
    },
    "fnMap": {
      "0": {
        "name": "App",
        "decl": {
          "start": { "line": 5, "column": 9 },
          "end": { "line": 5, "column": 15 }
        },
        "loc": {
          "start": { "line": 5, "column": 15 },
          "end": { "line": 9, "column": null }
        },
        "line": 5
      }
    },
    "branchMap": {},
    "s": { "0": 0 },
    "f": { "0": 0 },
    "b": {},
    "meta": {
      "lastBranch": 0,
      "lastFunction": 1,
      "lastStatement": 1,
      "seen": { "f:5:9:5:15": 0, "s:6:2:9:Infinity": 0 }
    }
  },
  "D:\\react-course\\t-gladkaya-REACT2026-Q2\\src\\main.tsx": {
    "path": "D:\\react-course\\t-gladkaya-REACT2026-Q2\\src\\main.tsx",
    "statementMap": {
      "0": {
        "start": { "line": 6, "column": 0 },
        "end": { "line": 10, "column": null }
      }
    },
    "fnMap": {},
    "branchMap": {},
    "s": { "0": 0 },
    "f": {},
    "b": {},
    "meta": {
      "lastBranch": 0,
      "lastFunction": 0,
      "lastStatement": 1,
      "seen": { "s:6:0:10:Infinity": 0 }
    }
  },
  "D:\\react-course\\t-gladkaya-REACT2026-Q2\\src\\api\\api.ts": {
    "path": "D:\\react-course\\t-gladkaya-REACT2026-Q2\\src\\api\\api.ts",
    "statementMap": {
      "0": {
        "start": { "line": 1, "column": 24 },
        "end": { "line": 1, "column": 69 }
      }
    },
    "fnMap": {},
    "branchMap": {},
    "s": { "0": 0 },
    "f": {},
    "b": {},
    "meta": {
      "lastBranch": 0,
      "lastFunction": 0,
      "lastStatement": 1,
      "seen": { "s:1:24:1:69": 0 }
    }
  },
  "D:\\react-course\\t-gladkaya-REACT2026-Q2\\src\\components\\Card.tsx": {
    "path": "D:\\react-course\\t-gladkaya-REACT2026-Q2\\src\\components\\Card.tsx",
    "statementMap": {
      "0": {
        "start": { "line": 18, "column": 53 },
        "end": { "line": 18, "column": null }
      },
      "1": {
        "start": { "line": 20, "column": 4 },
        "end": { "line": 41, "column": null }
      }
    },
    "fnMap": {
      "0": {
        "name": "(anonymous_0)",
        "decl": {
          "start": { "line": 17, "column": 2 },
          "end": { "line": 17, "column": 11 }
        },
        "loc": {
          "start": { "line": 17, "column": 11 },
          "end": { "line": 41, "column": null }
        },
        "line": 17
      }
    },
    "branchMap": {},
    "s": { "0": 0, "1": 0 },
    "f": { "0": 0 },
    "b": {},
    "meta": {
      "lastBranch": 0,
      "lastFunction": 1,
      "lastStatement": 2,
      "seen": {
        "f:17:2:17:11": 0,
        "s:18:53:18:Infinity": 0,
        "s:20:4:41:Infinity": 1
      }
    }
  },
  "D:\\react-course\\t-gladkaya-REACT2026-Q2\\src\\components\\ErrorBoundary.tsx": {
    "path": "D:\\react-course\\t-gladkaya-REACT2026-Q2\\src\\components\\ErrorBoundary.tsx",
    "statementMap": {
      "0": {
        "start": { "line": 16, "column": 30 },
        "end": { "line": 17, "column": null }
      },
      "1": {
        "start": { "line": 21, "column": 4 },
        "end": { "line": 21, "column": null }
      },
      "2": {
        "start": { "line": 25, "column": 4 },
        "end": { "line": 25, "column": null }
      },
      "3": {
        "start": { "line": 29, "column": 4 },
        "end": { "line": 35, "column": null }
      },
      "4": {
        "start": { "line": 30, "column": 6 },
        "end": { "line": 35, "column": null }
      },
      "5": {
        "start": { "line": 39, "column": 4 },
        "end": { "line": 39, "column": null }
      }
    },
    "fnMap": {
      "0": {
        "name": "(anonymous_0)",
        "decl": {
          "start": { "line": 20, "column": 9 },
          "end": { "line": 20, "column": 34 }
        },
        "loc": {
          "start": { "line": 20, "column": 68 },
          "end": { "line": 21, "column": null }
        },
        "line": 20
      },
      "1": {
        "name": "(anonymous_1)",
        "decl": {
          "start": { "line": 24, "column": 2 },
          "end": { "line": 24, "column": 20 }
        },
        "loc": {
          "start": { "line": 24, "column": 62 },
          "end": { "line": 25, "column": null }
        },
        "line": 24
      },
      "2": {
        "name": "(anonymous_2)",
        "decl": {
          "start": { "line": 28, "column": 2 },
          "end": { "line": 28, "column": 11 }
        },
        "loc": {
          "start": { "line": 28, "column": 11 },
          "end": { "line": 39, "column": null }
        },
        "line": 28
      }
    },
    "branchMap": {
      "0": {
        "loc": {
          "start": { "line": 29, "column": 4 },
          "end": { "line": 35, "column": null }
        },
        "type": "if",
        "locations": [
          {
            "start": { "line": 29, "column": 4 },
            "end": { "line": 35, "column": null }
          },
          { "start": {}, "end": {} }
        ],
        "line": 29
      }
    },
    "s": { "0": 0, "1": 0, "2": 0, "3": 0, "4": 0, "5": 0 },
    "f": { "0": 0, "1": 0, "2": 0 },
    "b": { "0": [0, 0] },
    "meta": {
      "lastBranch": 1,
      "lastFunction": 3,
      "lastStatement": 6,
      "seen": {
        "s:16:30:17:Infinity": 0,
        "f:20:9:20:34": 0,
        "s:21:4:21:Infinity": 1,
        "f:24:2:24:20": 1,
        "s:25:4:25:Infinity": 2,
        "f:28:2:28:11": 2,
        "b:29:4:35:Infinity:undefined:undefined:undefined:undefined": 0,
        "s:29:4:35:Infinity": 3,
        "s:30:6:35:Infinity": 4,
        "s:39:4:39:Infinity": 5
      }
    }
  },
  "D:\\react-course\\t-gladkaya-REACT2026-Q2\\src\\components\\ErrorFallback.tsx": {
    "path": "D:\\react-course\\t-gladkaya-REACT2026-Q2\\src\\components\\ErrorFallback.tsx",
    "statementMap": {
      "0": {
        "start": { "line": 10, "column": 22 },
        "end": { "line": 10, "column": null }
      },
      "1": {
        "start": { "line": 11, "column": 4 },
        "end": { "line": 17, "column": null }
      }
    },
    "fnMap": {
      "0": {
        "name": "(anonymous_0)",
        "decl": {
          "start": { "line": 9, "column": 2 },
          "end": { "line": 9, "column": 11 }
        },
        "loc": {
          "start": { "line": 9, "column": 11 },
          "end": { "line": 17, "column": null }
        },
        "line": 9
      }
    },
    "branchMap": {
      "0": {
        "loc": {
          "start": { "line": 15, "column": 11 },
          "end": { "line": 15, "column": null }
        },
        "type": "cond-expr",
        "locations": [
          {
            "start": { "line": 15, "column": 19 },
            "end": { "line": 15, "column": 35 }
          },
          {
            "start": { "line": 15, "column": 35 },
            "end": { "line": 15, "column": null }
          }
        ],
        "line": 15
      }
    },
    "s": { "0": 0, "1": 0 },
    "f": { "0": 0 },
    "b": { "0": [0, 0] },
    "meta": {
      "lastBranch": 1,
      "lastFunction": 1,
      "lastStatement": 2,
      "seen": {
        "f:9:2:9:11": 0,
        "s:10:22:10:Infinity": 0,
        "s:11:4:17:Infinity": 1,
        "b:15:19:15:35:15:35:15:Infinity": 0
      }
    }
  },
  "D:\\react-course\\t-gladkaya-REACT2026-Q2\\src\\components\\PreLoader.tsx": {
    "path": "D:\\react-course\\t-gladkaya-REACT2026-Q2\\src\\components\\PreLoader.tsx",
    "statementMap": {
      "0": {
        "start": { "line": 5, "column": 4 },
        "end": { "line": 12, "column": null }
      }
    },
    "fnMap": {
      "0": {
        "name": "(anonymous_0)",
        "decl": {
          "start": { "line": 4, "column": 2 },
          "end": { "line": 4, "column": 11 }
        },
        "loc": {
          "start": { "line": 4, "column": 11 },
          "end": { "line": 12, "column": null }
        },
        "line": 4
      }
    },
    "branchMap": {},
    "s": { "0": 0 },
    "f": { "0": 0 },
    "b": {},
    "meta": {
      "lastBranch": 0,
      "lastFunction": 1,
      "lastStatement": 1,
      "seen": { "f:4:2:4:11": 0, "s:5:4:12:Infinity": 0 }
    }
  },
  "D:\\react-course\\t-gladkaya-REACT2026-Q2\\src\\components\\ReloadButton.tsx": {
    "path": "D:\\react-course\\t-gladkaya-REACT2026-Q2\\src\\components\\ReloadButton.tsx",
    "statementMap": {
      "0": {
        "start": { "line": 5, "column": 4 },
        "end": { "line": 14, "column": null }
      },
      "1": {
        "start": { "line": 9, "column": 25 },
        "end": { "line": 9, "column": 49 }
      }
    },
    "fnMap": {
      "0": {
        "name": "(anonymous_0)",
        "decl": {
          "start": { "line": 4, "column": 2 },
          "end": { "line": 4, "column": 11 }
        },
        "loc": {
          "start": { "line": 4, "column": 11 },
          "end": { "line": 14, "column": null }
        },
        "line": 4
      },
      "1": {
        "name": "(anonymous_1)",
        "decl": {
          "start": { "line": 9, "column": 10 },
          "end": { "line": 9, "column": 25 }
        },
        "loc": {
          "start": { "line": 9, "column": 25 },
          "end": { "line": 9, "column": 49 }
        },
        "line": 9
      }
    },
    "branchMap": {},
    "s": { "0": 0, "1": 0 },
    "f": { "0": 0, "1": 0 },
    "b": {},
    "meta": {
      "lastBranch": 0,
      "lastFunction": 2,
      "lastStatement": 2,
      "seen": {
        "f:4:2:4:11": 0,
        "s:5:4:14:Infinity": 0,
        "f:9:10:9:25": 1,
        "s:9:25:9:49": 1
      }
    }
  },
  "D:\\react-course\\t-gladkaya-REACT2026-Q2\\src\\components\\ResultsSection.tsx": {
    "path": "D:\\react-course\\t-gladkaya-REACT2026-Q2\\src\\components\\ResultsSection.tsx",
    "statementMap": {
      "0": {
        "start": { "line": 15, "column": 40 },
        "end": { "line": 15, "column": null }
      },
      "1": {
        "start": { "line": 17, "column": 4 },
        "end": { "line": 41, "column": null }
      },
      "2": {
        "start": { "line": 35, "column": 18 },
        "end": { "line": 35, "column": null }
      }
    },
    "fnMap": {
      "0": {
        "name": "(anonymous_0)",
        "decl": {
          "start": { "line": 14, "column": 2 },
          "end": { "line": 14, "column": 11 }
        },
        "loc": {
          "start": { "line": 14, "column": 11 },
          "end": { "line": 41, "column": null }
        },
        "line": 14
      },
      "1": {
        "name": "(anonymous_1)",
        "decl": {
          "start": { "line": 34, "column": 25 },
          "end": { "line": 34, "column": 30 }
        },
        "loc": {
          "start": { "line": 35, "column": 18 },
          "end": { "line": 35, "column": null }
        },
        "line": 35
      }
    },
    "branchMap": {
      "0": {
        "loc": {
          "start": { "line": 24, "column": 13 },
          "end": { "line": 37, "column": null }
        },
        "type": "cond-expr",
        "locations": [
          {
            "start": { "line": 25, "column": 14 },
            "end": { "line": 26, "column": null }
          },
          {
            "start": { "line": 26, "column": 16 },
            "end": { "line": 37, "column": null }
          }
        ],
        "line": 24
      },
      "1": {
        "loc": {
          "start": { "line": 26, "column": 16 },
          "end": { "line": 37, "column": null }
        },
        "type": "cond-expr",
        "locations": [
          {
            "start": { "line": 27, "column": 14 },
            "end": { "line": 28, "column": 24 }
          },
          {
            "start": { "line": 28, "column": 16 },
            "end": { "line": 37, "column": null }
          }
        ],
        "line": 26
      },
      "2": {
        "loc": {
          "start": { "line": 28, "column": 16 },
          "end": { "line": 37, "column": null }
        },
        "type": "cond-expr",
        "locations": [
          {
            "start": { "line": 29, "column": 14 },
            "end": { "line": 33, "column": 15 }
          },
          {
            "start": { "line": 33, "column": 14 },
            "end": { "line": 37, "column": null }
          }
        ],
        "line": 28
      }
    },
    "s": { "0": 0, "1": 0, "2": 0 },
    "f": { "0": 0, "1": 0 },
    "b": { "0": [0, 0], "1": [0, 0], "2": [0, 0] },
    "meta": {
      "lastBranch": 3,
      "lastFunction": 2,
      "lastStatement": 3,
      "seen": {
        "f:14:2:14:11": 0,
        "s:15:40:15:Infinity": 0,
        "s:17:4:41:Infinity": 1,
        "b:25:14:26:Infinity:26:16:37:Infinity": 0,
        "b:27:14:28:24:28:16:37:Infinity": 1,
        "b:29:14:33:15:33:14:37:Infinity": 2,
        "f:34:25:34:30": 1,
        "s:35:18:35:Infinity": 2
      }
    }
  },
  "D:\\react-course\\t-gladkaya-REACT2026-Q2\\src\\components\\SearchLine.tsx": {
    "path": "D:\\react-course\\t-gladkaya-REACT2026-Q2\\src\\components\\SearchLine.tsx",
    "statementMap": {
      "0": {
        "start": { "line": 11, "column": 18 },
        "end": { "line": 11, "column": null }
      },
      "1": {
        "start": { "line": 13, "column": 4 },
        "end": { "line": 36, "column": null }
      },
      "2": {
        "start": { "line": 17, "column": 12 },
        "end": { "line": 17, "column": null }
      },
      "3": {
        "start": { "line": 18, "column": 12 },
        "end": { "line": 18, "column": null }
      },
      "4": {
        "start": { "line": 26, "column": 29 },
        "end": { "line": 26, "column": 64 }
      }
    },
    "fnMap": {
      "0": {
        "name": "(anonymous_0)",
        "decl": {
          "start": { "line": 10, "column": 2 },
          "end": { "line": 10, "column": 11 }
        },
        "loc": {
          "start": { "line": 10, "column": 11 },
          "end": { "line": 36, "column": null }
        },
        "line": 10
      },
      "1": {
        "name": "(anonymous_1)",
        "decl": {
          "start": { "line": 16, "column": 10 },
          "end": { "line": 16, "column": 21 }
        },
        "loc": {
          "start": { "line": 16, "column": 31 },
          "end": { "line": 18, "column": null }
        },
        "line": 16
      },
      "2": {
        "name": "(anonymous_2)",
        "decl": {
          "start": { "line": 26, "column": 12 },
          "end": { "line": 26, "column": 23 }
        },
        "loc": {
          "start": { "line": 26, "column": 29 },
          "end": { "line": 26, "column": 64 }
        },
        "line": 26
      }
    },
    "branchMap": {
      "0": {
        "loc": {
          "start": { "line": 11, "column": 18 },
          "end": { "line": 11, "column": null }
        },
        "type": "binary-expr",
        "locations": [
          {
            "start": { "line": 11, "column": 18 },
            "end": { "line": 11, "column": 38 }
          },
          {
            "start": { "line": 11, "column": 38 },
            "end": { "line": 11, "column": null }
          }
        ],
        "line": 11
      }
    },
    "s": { "0": 0, "1": 0, "2": 0, "3": 0, "4": 0 },
    "f": { "0": 0, "1": 0, "2": 0 },
    "b": { "0": [0, 0] },
    "meta": {
      "lastBranch": 1,
      "lastFunction": 3,
      "lastStatement": 5,
      "seen": {
        "f:10:2:10:11": 0,
        "s:11:18:11:Infinity": 0,
        "b:11:18:11:38:11:38:11:Infinity": 0,
        "s:13:4:36:Infinity": 1,
        "f:16:10:16:21": 1,
        "s:17:12:17:Infinity": 2,
        "s:18:12:18:Infinity": 3,
        "f:26:12:26:23": 2,
        "s:26:29:26:64": 4
      }
    }
  },
  "D:\\react-course\\t-gladkaya-REACT2026-Q2\\src\\components\\TestButton.tsx": {
    "path": "D:\\react-course\\t-gladkaya-REACT2026-Q2\\src\\components\\TestButton.tsx",
    "statementMap": {
      "0": {
        "start": { "line": 8, "column": 27 },
        "end": { "line": 9, "column": null }
      },
      "1": {
        "start": { "line": 12, "column": 24 },
        "end": { "line": 27, "column": null }
      },
      "2": {
        "start": { "line": 13, "column": 4 },
        "end": { "line": 27, "column": null }
      },
      "3": {
        "start": { "line": 14, "column": 23 },
        "end": { "line": 15, "column": null }
      },
      "4": {
        "start": { "line": 18, "column": 6 },
        "end": { "line": 19, "column": null }
      },
      "5": {
        "start": { "line": 19, "column": 8 },
        "end": { "line": 19, "column": null }
      },
      "6": {
        "start": { "line": 22, "column": 6 },
        "end": { "line": 22, "column": null }
      },
      "7": {
        "start": { "line": 24, "column": 6 },
        "end": { "line": 27, "column": null }
      },
      "8": {
        "start": { "line": 25, "column": 8 },
        "end": { "line": 25, "column": null }
      },
      "9": {
        "start": { "line": 27, "column": 8 },
        "end": { "line": 27, "column": null }
      },
      "10": {
        "start": { "line": 33, "column": 4 },
        "end": { "line": 34, "column": null }
      },
      "11": {
        "start": { "line": 34, "column": 6 },
        "end": { "line": 34, "column": null }
      },
      "12": {
        "start": { "line": 37, "column": 4 },
        "end": { "line": 44, "column": null }
      }
    },
    "fnMap": {
      "0": {
        "name": "(anonymous_0)",
        "decl": {
          "start": { "line": 12, "column": 24 },
          "end": { "line": 12, "column": 36 }
        },
        "loc": {
          "start": { "line": 12, "column": 36 },
          "end": { "line": 27, "column": null }
        },
        "line": 12
      },
      "1": {
        "name": "(anonymous_1)",
        "decl": {
          "start": { "line": 32, "column": 2 },
          "end": { "line": 32, "column": 11 }
        },
        "loc": {
          "start": { "line": 32, "column": 11 },
          "end": { "line": 44, "column": null }
        },
        "line": 32
      }
    },
    "branchMap": {
      "0": {
        "loc": {
          "start": { "line": 18, "column": 6 },
          "end": { "line": 19, "column": null }
        },
        "type": "if",
        "locations": [
          {
            "start": { "line": 18, "column": 6 },
            "end": { "line": 19, "column": null }
          },
          { "start": {}, "end": {} }
        ],
        "line": 18
      },
      "1": {
        "loc": {
          "start": { "line": 24, "column": 6 },
          "end": { "line": 27, "column": null }
        },
        "type": "if",
        "locations": [
          {
            "start": { "line": 24, "column": 6 },
            "end": { "line": 27, "column": null }
          },
          {
            "start": { "line": 26, "column": 13 },
            "end": { "line": 27, "column": null }
          }
        ],
        "line": 24
      },
      "2": {
        "loc": {
          "start": { "line": 33, "column": 4 },
          "end": { "line": 34, "column": null }
        },
        "type": "if",
        "locations": [
          {
            "start": { "line": 33, "column": 4 },
            "end": { "line": 34, "column": null }
          },
          { "start": {}, "end": {} }
        ],
        "line": 33
      }
    },
    "s": {
      "0": 0,
      "1": 0,
      "2": 0,
      "3": 0,
      "4": 0,
      "5": 0,
      "6": 0,
      "7": 0,
      "8": 0,
      "9": 0,
      "10": 0,
      "11": 0,
      "12": 0
    },
    "f": { "0": 0, "1": 0 },
    "b": { "0": [0, 0], "1": [0, 0], "2": [0, 0] },
    "meta": {
      "lastBranch": 3,
      "lastFunction": 2,
      "lastStatement": 13,
      "seen": {
        "s:8:27:9:Infinity": 0,
        "s:12:24:27:Infinity": 1,
        "f:12:24:12:36": 0,
        "s:13:4:27:Infinity": 2,
        "s:14:23:15:Infinity": 3,
        "b:18:6:19:Infinity:undefined:undefined:undefined:undefined": 0,
        "s:18:6:19:Infinity": 4,
        "s:19:8:19:Infinity": 5,
        "s:22:6:22:Infinity": 6,
        "b:24:6:27:Infinity:26:13:27:Infinity": 1,
        "s:24:6:27:Infinity": 7,
        "s:25:8:25:Infinity": 8,
        "s:27:8:27:Infinity": 9,
        "f:32:2:32:11": 1,
        "b:33:4:34:Infinity:undefined:undefined:undefined:undefined": 2,
        "s:33:4:34:Infinity": 10,
        "s:34:6:34:Infinity": 11,
        "s:37:4:44:Infinity": 12
      }
    }
  },
  "D:\\react-course\\t-gladkaya-REACT2026-Q2\\src\\pages\\mainPage.tsx": {
    "path": "D:\\react-course\\t-gladkaya-REACT2026-Q2\\src\\pages\\mainPage.tsx",
    "statementMap": {
      "0": {
        "start": { "line": 25, "column": 25 },
        "end": { "line": 31, "column": null }
      },
      "1": {
        "start": { "line": 41, "column": 2 },
        "end": { "line": 42, "column": null }
      },
      "2": {
        "start": { "line": 45, "column": 17 },
        "end": { "line": 68, "column": null }
      },
      "3": {
        "start": { "line": 72, "column": 19 },
        "end": { "line": 97, "column": null }
      },
      "4": {
        "start": { "line": 34, "column": 10 },
        "end": { "line": 34, "column": 50 }
      },
      "5": {
        "start": { "line": 36, "column": 4 },
        "end": { "line": 38, "column": null }
      },
      "6": {
        "start": { "line": 37, "column": 6 },
        "end": { "line": 37, "column": null }
      },
      "7": {
        "start": { "line": 42, "column": 4 },
        "end": { "line": 42, "column": null }
      },
      "8": {
        "start": { "line": 46, "column": 25 },
        "end": { "line": 46, "column": 48 }
      },
      "9": {
        "start": { "line": 48, "column": 4 },
        "end": { "line": 49, "column": null }
      },
      "10": {
        "start": { "line": 49, "column": 6 },
        "end": { "line": 49, "column": null }
      },
      "11": {
        "start": { "line": 52, "column": 4 },
        "end": { "line": 52, "column": null }
      },
      "12": {
        "start": { "line": 53, "column": 4 },
        "end": { "line": 58, "column": null }
      },
      "13": {
        "start": { "line": 60, "column": 4 },
        "end": { "line": 68, "column": null }
      },
      "14": {
        "start": { "line": 61, "column": 19 },
        "end": { "line": 61, "column": 58 }
      },
      "15": {
        "start": { "line": 62, "column": 6 },
        "end": { "line": 62, "column": null }
      },
      "16": {
        "start": { "line": 64, "column": 6 },
        "end": { "line": 68, "column": null }
      },
      "17": {
        "start": { "line": 75, "column": 4 },
        "end": { "line": 93, "column": null }
      },
      "18": {
        "start": { "line": 76, "column": 6 },
        "end": { "line": 93, "column": null }
      },
      "19": {
        "start": { "line": 77, "column": 29 },
        "end": { "line": 77, "column": 41 }
      },
      "20": {
        "start": { "line": 78, "column": 20 },
        "end": { "line": 80, "column": null }
      },
      "21": {
        "start": { "line": 81, "column": 25 },
        "end": { "line": 81, "column": 41 }
      },
      "22": {
        "start": { "line": 83, "column": 8 },
        "end": { "line": 84, "column": null }
      },
      "23": {
        "start": { "line": 84, "column": 10 },
        "end": { "line": 84, "column": null }
      },
      "24": {
        "start": { "line": 87, "column": 8 },
        "end": { "line": 88, "column": null }
      },
      "25": {
        "start": { "line": 88, "column": 10 },
        "end": { "line": 88, "column": null }
      },
      "26": {
        "start": { "line": 91, "column": 8 },
        "end": { "line": 91, "column": null }
      },
      "27": {
        "start": { "line": 93, "column": 8 },
        "end": { "line": 93, "column": null }
      },
      "28": {
        "start": { "line": 97, "column": 4 },
        "end": { "line": 97, "column": null }
      },
      "29": {
        "start": { "line": 101, "column": 47 },
        "end": { "line": 101, "column": null }
      },
      "30": {
        "start": { "line": 103, "column": 4 },
        "end": { "line": 114, "column": null }
      }
    },
    "fnMap": {
      "0": {
        "name": "(anonymous_0)",
        "decl": {
          "start": { "line": 33, "column": 2 },
          "end": { "line": 33, "column": 22 }
        },
        "loc": {
          "start": { "line": 33, "column": 22 },
          "end": { "line": 38, "column": null }
        },
        "line": 33
      },
      "1": {
        "name": "(anonymous_1)",
        "decl": {
          "start": { "line": 36, "column": 39 },
          "end": { "line": 36, "column": 47 }
        },
        "loc": {
          "start": { "line": 36, "column": 47 },
          "end": { "line": 38, "column": null }
        },
        "line": 36
      },
      "2": {
        "name": "(anonymous_2)",
        "decl": {
          "start": { "line": 41, "column": 2 },
          "end": { "line": 41, "column": 23 }
        },
        "loc": {
          "start": { "line": 41, "column": 41 },
          "end": { "line": 42, "column": null }
        },
        "line": 41
      },
      "3": {
        "name": "(anonymous_3)",
        "decl": {
          "start": { "line": 45, "column": 17 },
          "end": { "line": 45, "column": 29 }
        },
        "loc": {
          "start": { "line": 45, "column": 29 },
          "end": { "line": 68, "column": null }
        },
        "line": 45
      },
      "4": {
        "name": "(anonymous_4)",
        "decl": {
          "start": { "line": 72, "column": 19 },
          "end": { "line": 72, "column": 26 }
        },
        "loc": {
          "start": { "line": 72, "column": 72 },
          "end": { "line": 97, "column": null }
        },
        "line": 72
      },
      "5": {
        "name": "(anonymous_5)",
        "decl": {
          "start": { "line": 100, "column": 2 },
          "end": { "line": 100, "column": 11 }
        },
        "loc": {
          "start": { "line": 100, "column": 11 },
          "end": { "line": 114, "column": null }
        },
        "line": 100
      }
    },
    "branchMap": {
      "0": {
        "loc": {
          "start": { "line": 48, "column": 4 },
          "end": { "line": 49, "column": null }
        },
        "type": "if",
        "locations": [
          {
            "start": { "line": 48, "column": 4 },
            "end": { "line": 49, "column": null }
          },
          { "start": {}, "end": {} }
        ],
        "line": 48
      },
      "1": {
        "loc": {
          "start": { "line": 78, "column": 20 },
          "end": { "line": 80, "column": null }
        },
        "type": "cond-expr",
        "locations": [
          {
            "start": { "line": 79, "column": 12 },
            "end": { "line": 79, "column": null }
          },
          {
            "start": { "line": 80, "column": 12 },
            "end": { "line": 80, "column": null }
          }
        ],
        "line": 78
      },
      "2": {
        "loc": {
          "start": { "line": 83, "column": 8 },
          "end": { "line": 84, "column": null }
        },
        "type": "if",
        "locations": [
          {
            "start": { "line": 83, "column": 8 },
            "end": { "line": 84, "column": null }
          },
          { "start": {}, "end": {} }
        ],
        "line": 83
      },
      "3": {
        "loc": {
          "start": { "line": 87, "column": 8 },
          "end": { "line": 88, "column": null }
        },
        "type": "if",
        "locations": [
          {
            "start": { "line": 87, "column": 8 },
            "end": { "line": 88, "column": null }
          },
          { "start": {}, "end": {} }
        ],
        "line": 87
      },
      "4": {
        "loc": {
          "start": { "line": 97, "column": 10 },
          "end": { "line": 97, "column": 63 }
        },
        "type": "binary-expr",
        "locations": [
          {
            "start": { "line": 97, "column": 10 },
            "end": { "line": 97, "column": 23 }
          },
          {
            "start": { "line": 97, "column": 23 },
            "end": { "line": 97, "column": 63 }
          }
        ],
        "line": 97
      }
    },
    "s": {
      "0": 0,
      "1": 0,
      "2": 0,
      "3": 0,
      "4": 0,
      "5": 0,
      "6": 0,
      "7": 0,
      "8": 0,
      "9": 0,
      "10": 0,
      "11": 0,
      "12": 0,
      "13": 0,
      "14": 0,
      "15": 0,
      "16": 0,
      "17": 0,
      "18": 0,
      "19": 0,
      "20": 0,
      "21": 0,
      "22": 0,
      "23": 0,
      "24": 0,
      "25": 0,
      "26": 0,
      "27": 0,
      "28": 0,
      "29": 0,
      "30": 0
    },
    "f": { "0": 0, "1": 0, "2": 0, "3": 0, "4": 0, "5": 0 },
    "b": { "0": [0, 0], "1": [0, 0], "2": [0, 0], "3": [0, 0], "4": [0, 0] },
    "meta": {
      "lastBranch": 5,
      "lastFunction": 6,
      "lastStatement": 31,
      "seen": {
        "s:25:25:31:Infinity": 0,
        "s:41:2:42:Infinity": 1,
        "s:45:17:68:Infinity": 2,
        "s:72:19:97:Infinity": 3,
        "f:33:2:33:22": 0,
        "s:34:10:34:50": 4,
        "s:36:4:38:Infinity": 5,
        "f:36:39:36:47": 1,
        "s:37:6:37:Infinity": 6,
        "f:41:2:41:23": 2,
        "s:42:4:42:Infinity": 7,
        "f:45:17:45:29": 3,
        "s:46:25:46:48": 8,
        "b:48:4:49:Infinity:undefined:undefined:undefined:undefined": 0,
        "s:48:4:49:Infinity": 9,
        "s:49:6:49:Infinity": 10,
        "s:52:4:52:Infinity": 11,
        "s:53:4:58:Infinity": 12,
        "s:60:4:68:Infinity": 13,
        "s:61:19:61:58": 14,
        "s:62:6:62:Infinity": 15,
        "s:64:6:68:Infinity": 16,
        "f:72:19:72:26": 4,
        "s:75:4:93:Infinity": 17,
        "s:76:6:93:Infinity": 18,
        "s:77:29:77:41": 19,
        "s:78:20:80:Infinity": 20,
        "b:79:12:79:Infinity:80:12:80:Infinity": 1,
        "s:81:25:81:41": 21,
        "b:83:8:84:Infinity:undefined:undefined:undefined:undefined": 2,
        "s:83:8:84:Infinity": 22,
        "s:84:10:84:Infinity": 23,
        "b:87:8:88:Infinity:undefined:undefined:undefined:undefined": 3,
        "s:87:8:88:Infinity": 24,
        "s:88:10:88:Infinity": 25,
        "s:91:8:91:Infinity": 26,
        "s:93:8:93:Infinity": 27,
        "s:97:4:97:Infinity": 28,
        "b:97:10:97:23:97:23:97:63": 4,
        "f:100:2:100:11": 5,
        "s:101:47:101:Infinity": 29,
        "s:103:4:114:Infinity": 30
      }
    }
  },
  "D:\\react-course\\t-gladkaya-REACT2026-Q2\\src\\utils\\handleLocalStorage.ts": {
    "path": "D:\\react-course\\t-gladkaya-REACT2026-Q2\\src\\utils\\handleLocalStorage.ts",
    "statementMap": {
      "0": {
        "start": { "line": 1, "column": 24 },
        "end": { "line": 1, "column": null }
      },
      "1": {
        "start": { "line": 4, "column": 2 },
        "end": { "line": 4, "column": null }
      },
      "2": {
        "start": { "line": 8, "column": 2 },
        "end": { "line": 8, "column": null }
      }
    },
    "fnMap": {
      "0": {
        "name": "getSavedSearchTerm",
        "decl": {
          "start": { "line": 3, "column": 16 },
          "end": { "line": 3, "column": 45 }
        },
        "loc": {
          "start": { "line": 3, "column": 45 },
          "end": { "line": 4, "column": null }
        },
        "line": 3
      },
      "1": {
        "name": "saveSearchTerm",
        "decl": {
          "start": { "line": 7, "column": 16 },
          "end": { "line": 7, "column": 31 }
        },
        "loc": {
          "start": { "line": 7, "column": 52 },
          "end": { "line": 8, "column": null }
        },
        "line": 7
      }
    },
    "branchMap": {
      "0": {
        "loc": {
          "start": { "line": 4, "column": 9 },
          "end": { "line": 4, "column": null }
        },
        "type": "binary-expr",
        "locations": [
          {
            "start": { "line": 4, "column": 9 },
            "end": { "line": 4, "column": 46 }
          },
          {
            "start": { "line": 4, "column": 50 },
            "end": { "line": 4, "column": null }
          }
        ],
        "line": 4
      }
    },
    "s": { "0": 0, "1": 0, "2": 0 },
    "f": { "0": 0, "1": 0 },
    "b": { "0": [0, 0] },
    "meta": {
      "lastBranch": 1,
      "lastFunction": 2,
      "lastStatement": 3,
      "seen": {
        "s:1:24:1:Infinity": 0,
        "f:3:16:3:45": 0,
        "s:4:2:4:Infinity": 1,
        "b:4:9:4:46:4:50:4:Infinity": 0,
        "f:7:16:7:31": 1,
        "s:8:2:8:Infinity": 2
      }
    }
  }
}
